<?xml version="1.0" encoding="UTF-8"?>
<!-- Generated by org.testng.reporters.JUnitReportReporter -->
<testsuite hostname="Monalika-Jain" failures="0" tests="3" name="RerunFailed" time="0.010" errors="0" timestamp="2021-06-20T17:38:35 IST" skipped="0">
  <testcase classname="RerunFailed" name="test3" time="0.002"/>
  <system-out>
We used Google Chrome Ver 80 for this test  </system-out>
  <testcase classname="RerunFailed" name="test1" time="0.007"/>
  <system-out/>
  <testcase classname="RerunFailed" name="test2" time="0.001"/>
  <system-out/>
</testsuite> <!-- RerunFailed -->
