<?xml version="1.0" encoding="UTF-8"?>
<!-- Generated by org.testng.reporters.JUnitReportReporter -->
<testsuite hostname="Monalika-Jain" failures="0" tests="1" name="RerunFailed" time="0.005" errors="0" timestamp="2021-06-19T00:02:33 IST" skipped="0">
  <testcase classname="RerunFailed" name="test3" time="0.005"/>
  <system-out/>
</testsuite> <!-- RerunFailed -->
